Build started 11/06/2019 23:46:08.
     1>Project "C:\Users\SIDNEI\Documents\Visual Studio 2013\Projects\ConsoleApplication2\ConsoleApplication2\ConsoleApplication2.vcxproj" on node 2 (Build target(s)).
     1>ClCompile:
         D:\Arquivos de Programas\Visual Studio 2013\VC\bin\CL.exe /c /ZI /nologo /W3 /WX- /sdl /Od /Oy- /D WIN32 /D _DEBUG /D _CONSOLE /D _LIB /D _UNICODE /D UNICODE /Gm /EHsc /RTC1 /MDd /GS /fp:precise /Zc:wchar_t /Zc:forScope /Fo"Debug\\" /Fd"Debug\vc120.pdb" /Gd /TC /analyze- /errorReport:prompt OpenMP.c
         OpenMP.c
     1>c:\users\sidnei\documents\visual studio 2013\projects\consoleapplication2\consoleapplication2\openmp.c(150): warning C4244: '=' : conversion from 'clock_t' to 'float', possible loss of data
     1>c:\users\sidnei\documents\visual studio 2013\projects\consoleapplication2\consoleapplication2\openmp.c(151): warning C4244: '=' : conversion from 'clock_t' to 'float', possible loss of data
     1>c:\users\sidnei\documents\visual studio 2013\projects\consoleapplication2\consoleapplication2\openmp.c(157): warning C4013: 'main' undefined; assuming extern returning int
     1>c:\users\sidnei\documents\visual studio 2013\projects\consoleapplication2\consoleapplication2\openmp.c(13): warning C4101: 'LMB' : unreferenced local variable
     1>c:\users\sidnei\documents\visual studio 2013\projects\consoleapplication2\consoleapplication2\openmp.c(13): warning C4101: 'CMB' : unreferenced local variable
     1>c:\users\sidnei\documents\visual studio 2013\projects\consoleapplication2\consoleapplication2\openmp.c(322): warning C4244: '=' : conversion from 'clock_t' to 'float', possible loss of data
     1>c:\users\sidnei\documents\visual studio 2013\projects\consoleapplication2\consoleapplication2\openmp.c(323): warning C4244: '=' : conversion from 'clock_t' to 'float', possible loss of data
     1>c:\users\sidnei\documents\visual studio 2013\projects\consoleapplication2\consoleapplication2\openmp.c(166): warning C4101: 'LMB' : unreferenced local variable
     1>c:\users\sidnei\documents\visual studio 2013\projects\consoleapplication2\consoleapplication2\openmp.c(168): warning C4101: 'chunk' : unreferenced local variable
     1>c:\users\sidnei\documents\visual studio 2013\projects\consoleapplication2\consoleapplication2\openmp.c(166): warning C4101: 'CMB' : unreferenced local variable
       Link:
         D:\Arquivos de Programas\Visual Studio 2013\VC\bin\link.exe /ERRORREPORT:PROMPT /OUT:"C:\Users\SIDNEI\Documents\Visual Studio 2013\Projects\ConsoleApplication2\Debug\ConsoleApplication2.exe" /INCREMENTAL /NOLOGO kernel32.lib user32.lib gdi32.lib winspool.lib comdlg32.lib advapi32.lib shell32.lib ole32.lib oleaut32.lib uuid.lib odbc32.lib odbccp32.lib /MANIFEST /MANIFESTUAC:"level='asInvoker' uiAccess='false'" /manifest:embed /DEBUG /PDB:"C:\Users\SIDNEI\Documents\Visual Studio 2013\Projects\ConsoleApplication2\Debug\ConsoleApplication2.pdb" /SUBSYSTEM:CONSOLE /TLBID:1 /DYNAMICBASE /NXCOMPAT /IMPLIB:"C:\Users\SIDNEI\Documents\Visual Studio 2013\Projects\ConsoleApplication2\Debug\ConsoleApplication2.lib" /MACHINE:X86 Debug\OpenMP.obj
         ConsoleApplication2.vcxproj -> C:\Users\SIDNEI\Documents\Visual Studio 2013\Projects\ConsoleApplication2\Debug\ConsoleApplication2.exe
     1>Done Building Project "C:\Users\SIDNEI\Documents\Visual Studio 2013\Projects\ConsoleApplication2\ConsoleApplication2\ConsoleApplication2.vcxproj" (Build target(s)).

Build succeeded.

Time Elapsed 00:00:00.33
